TN:
SF:/home/tawfiq/hh-fcc/hardhat-fundme/contracts/FundMe.sol
FN:23,onlyOwner
FN:28,constructor
FN:42,
FN:46,fund
FN:56,withdrawal
FNF:5
FNH:4
FNDA:2,onlyOwner
FNDA:3,constructor
FNDA:0,
FNDA:11,fund
FNDA:2,withdrawal
DA:24,2
DA:25,2
DA:29,3
DA:30,3
DA:39,0
DA:43,0
DA:48,11
DA:52,10
DA:53,10
DA:57,2
DA:62,8
DA:63,8
DA:66,2
DA:67,2
DA:70,2
LF:15
LH:13
BRDA:24,1,0,0
BRDA:24,1,1,2
BRDA:48,2,0,10
BRDA:48,2,1,1
BRDA:56,3,0,2
BRDA:56,3,1,0
BRDA:70,4,0,2
BRDA:70,4,1,0
BRF:8
BRH:5
end_of_record
TN:
SF:/home/tawfiq/hh-fcc/hardhat-fundme/contracts/PriceConverter.sol
FN:8,getPrice
FN:17,getConversionRate
FNF:2
FNH:2
FNDA:11,getPrice
FNDA:11,getConversionRate
DA:13,11
DA:14,11
DA:21,11
DA:22,11
DA:23,11
LF:5
LH:5
BRF:0
BRH:0
end_of_record
TN:
SF:/home/tawfiq/hh-fcc/hardhat-fundme/contracts/test/MockV3Aggregator.sol
FNF:0
FNH:0
LF:0
LH:0
BRF:0
BRH:0
end_of_record
